<?xml version="1.0" encoding="UTF-8"?>
<!-- Generated by org.testng.reporters.JUnitXMLReporter -->
<testsuite ignored="4" hostname="Karishma-Barot-TH" failures="0" tests="11" name="Non BLE Flows" time="240.179" errors="0" timestamp="2024-03-20T15:15:58 IST">
  <testcase classname="testCases.LoginTCs" name="testIntroScreen" time="3.54"/>
  <testcase classname="testCases.LoginTCs" name="testLogin" time="20.608"/>
  <testcase classname="testCases.TheragunMiniTCs" name="testSelectDevice" time="13.554"/>
  <testcase classname="testCases.TheragunMiniTCs" name="testVerifyPairedDevice" time="12.905"/>
  <testcase classname="testCases.TheragunMiniTCs" name="testSaveRoutine" time="7.542"/>
  <testcase classname="testCases.TheragunMiniTCs" name="testForgetDevice" time="10.657"/>
  <testcase classname="testCases.WaveSeriesOtherRollerTCs" name="testPairOtherRollerDevice" time="8.547"/>
  <testcase classname="testCases.WaveSeriesOtherRollerTCs" name="testSelectRoutine" time="2.978"/>
  <testcase classname="testCases.WaveSeriesOtherRollerTCs" name="testStretchingStep" time="58.498"/>
  <testcase classname="testCases.WaveSeriesOtherRollerTCs" name="testBreakToggle" time="60.366"/>
  <testcase classname="testCases.WaveSeriesOtherRollerTCs" name="testForgetDevice" time="9.414"/>
  <testcase classname="base.Setup" name="@AfterTest tearDown" time="0.0">
    <ignored/>
  </testcase> <!-- @AfterTest tearDown -->
  <testcase classname="base.Setup" name="@AfterTest tearDown" time="0.0">
    <ignored/>
  </testcase> <!-- @AfterTest tearDown -->
  <testcase classname="base.Setup" name="@BeforeTest startAppiumServer" time="0.0">
    <ignored/>
  </testcase> <!-- @BeforeTest startAppiumServer -->
  <testcase classname="base.Setup" name="@BeforeTest startAppiumServer" time="0.0">
    <ignored/>
  </testcase> <!-- @BeforeTest startAppiumServer -->
</testsuite> <!-- Non BLE Flows -->
