<?xml version="1.0" encoding="UTF-8"?>
<testng-results ignored="0" total="11" passed="11" failed="0" skipped="0">
  <reporter-output>
  </reporter-output>
  <suite started-at="2024-03-20T15:11:57 IST" name="Testing Therabody App" finished-at="2024-03-20T15:15:58 IST" duration-ms="240179">
    <groups>
    </groups>
    <test started-at="2024-03-20T15:11:57 IST" name="Non BLE Flows" finished-at="2024-03-20T15:15:58 IST" duration-ms="240179">
      <class name="testCases.TheragunMiniTCs">
        <test-method is-config="true" signature="init()[pri:0, instance:testCases.TheragunMiniTCs@6bb75258]" started-at="2024-03-20T15:12:42 IST" name="init" finished-at="2024-03-20T15:12:45 IST" duration-ms="2359" status="PASS">
          <reporter-output>
          </reporter-output>
        </test-method> <!-- init -->
        <test-method signature="testSelectDevice()[pri:11, instance:testCases.TheragunMiniTCs@6bb75258]" started-at="2024-03-20T15:12:45 IST" name="testSelectDevice" finished-at="2024-03-20T15:12:58 IST" duration-ms="13554" status="PASS">
          <reporter-output>
          </reporter-output>
        </test-method> <!-- testSelectDevice -->
        <test-method signature="testVerifyPairedDevice()[pri:12, instance:testCases.TheragunMiniTCs@6bb75258]" started-at="2024-03-20T15:12:58 IST" name="testVerifyPairedDevice" finished-at="2024-03-20T15:13:11 IST" duration-ms="12905" status="PASS">
          <reporter-output>
          </reporter-output>
        </test-method> <!-- testVerifyPairedDevice -->
        <test-method signature="testSaveRoutine()[pri:14, instance:testCases.TheragunMiniTCs@6bb75258]" started-at="2024-03-20T15:13:11 IST" name="testSaveRoutine" finished-at="2024-03-20T15:13:19 IST" duration-ms="7542" status="PASS">
          <reporter-output>
          </reporter-output>
        </test-method> <!-- testSaveRoutine -->
        <test-method signature="testForgetDevice()[pri:15, instance:testCases.TheragunMiniTCs@6bb75258]" started-at="2024-03-20T15:13:19 IST" name="testForgetDevice" finished-at="2024-03-20T15:13:29 IST" duration-ms="10657" status="PASS">
          <reporter-output>
          </reporter-output>
        </test-method> <!-- testForgetDevice -->
      </class> <!-- testCases.TheragunMiniTCs -->
      <class name="testCases.LoginTCs">
        <test-method is-config="true" signature="startAppiumServer(java.lang.String,java.lang.String)[pri:0, instance:testCases.LoginTCs@485a3466]" started-at="2024-03-20T15:11:57 IST" name="startAppiumServer" finished-at="2024-03-20T15:12:17 IST" duration-ms="19890" status="PASS">
          <params>
            <param index="0">
              <value>
                <![CDATA[Android]]>
              </value>
            </param>
            <param index="1">
              <value>
                <![CDATA[karishma.barot@techholding.co]]>
              </value>
            </param>
          </params>
          <reporter-output>
          </reporter-output>
        </test-method> <!-- startAppiumServer -->
        <test-method is-config="true" signature="init()[pri:0, instance:testCases.LoginTCs@485a3466]" started-at="2024-03-20T15:12:17 IST" name="init" finished-at="2024-03-20T15:12:18 IST" duration-ms="822" status="PASS">
          <reporter-output>
          </reporter-output>
        </test-method> <!-- init -->
        <test-method signature="testIntroScreen()[pri:1, instance:testCases.LoginTCs@485a3466]" started-at="2024-03-20T15:12:18 IST" name="testIntroScreen" finished-at="2024-03-20T15:12:22 IST" duration-ms="3540" status="PASS">
          <reporter-output>
          </reporter-output>
        </test-method> <!-- testIntroScreen -->
        <test-method signature="testLogin()[pri:2, instance:testCases.LoginTCs@485a3466]" started-at="2024-03-20T15:12:22 IST" name="testLogin" finished-at="2024-03-20T15:12:42 IST" duration-ms="20608" status="PASS">
          <reporter-output>
          </reporter-output>
        </test-method> <!-- testLogin -->
        <test-method is-config="true" signature="tearDown()[pri:0, instance:testCases.LoginTCs@485a3466]" started-at="2024-03-20T15:15:51 IST" name="tearDown" finished-at="2024-03-20T15:15:58 IST" duration-ms="6071" status="PASS">
          <reporter-output>
          </reporter-output>
        </test-method> <!-- tearDown -->
      </class> <!-- testCases.LoginTCs -->
      <class name="testCases.WaveSeriesOtherRollerTCs">
        <test-method is-config="true" signature="init()[pri:0, instance:testCases.WaveSeriesOtherRollerTCs@c260bdc]" started-at="2024-03-20T15:13:29 IST" name="init" finished-at="2024-03-20T15:13:32 IST" duration-ms="2333" status="PASS">
          <reporter-output>
          </reporter-output>
        </test-method> <!-- init -->
        <test-method signature="testPairOtherRollerDevice()[pri:21, instance:testCases.WaveSeriesOtherRollerTCs@c260bdc]" started-at="2024-03-20T15:13:32 IST" name="testPairOtherRollerDevice" finished-at="2024-03-20T15:13:40 IST" duration-ms="8547" status="PASS">
          <reporter-output>
          </reporter-output>
        </test-method> <!-- testPairOtherRollerDevice -->
        <test-method signature="testSelectRoutine()[pri:22, instance:testCases.WaveSeriesOtherRollerTCs@c260bdc]" started-at="2024-03-20T15:13:40 IST" name="testSelectRoutine" finished-at="2024-03-20T15:13:43 IST" duration-ms="2978" status="PASS">
          <reporter-output>
          </reporter-output>
        </test-method> <!-- testSelectRoutine -->
        <test-method signature="testStretchingStep()[pri:23, instance:testCases.WaveSeriesOtherRollerTCs@c260bdc]" started-at="2024-03-20T15:13:43 IST" name="testStretchingStep" finished-at="2024-03-20T15:14:42 IST" duration-ms="58498" status="PASS">
          <reporter-output>
          </reporter-output>
        </test-method> <!-- testStretchingStep -->
        <test-method signature="testBreakToggle()[pri:24, instance:testCases.WaveSeriesOtherRollerTCs@c260bdc]" started-at="2024-03-20T15:14:42 IST" name="testBreakToggle" finished-at="2024-03-20T15:15:42 IST" duration-ms="60366" status="PASS">
          <reporter-output>
          </reporter-output>
        </test-method> <!-- testBreakToggle -->
        <test-method signature="testForgetDevice()[pri:25, instance:testCases.WaveSeriesOtherRollerTCs@c260bdc]" started-at="2024-03-20T15:15:42 IST" name="testForgetDevice" finished-at="2024-03-20T15:15:51 IST" duration-ms="9414" status="PASS">
          <reporter-output>
          </reporter-output>
        </test-method> <!-- testForgetDevice -->
      </class> <!-- testCases.WaveSeriesOtherRollerTCs -->
    </test> <!-- Non BLE Flows -->
  </suite> <!-- Testing Therabody App -->
</testng-results>
